2026-02-26 15:02:10 - start_browser_with_debug_port: browser=Microsoft Edge, port=9222
2026-02-26 15:02:10 - start_browser_with_debug_port: found exe=C:\Program Files (x86)\Microsoft\Edge\Application\msedge.exe
2026-02-26 15:02:10 - start_browser_with_debug_port: launching args=['C:\\Program Files (x86)\\Microsoft\\Edge\\Application\\msedge.exe', '--remote-debugging-port=9222', '--user-data-dir=C:\\Users\\Administrator\\AppData\\Local\\Temp\\AutoNetworkerProfile_Microsoft Edge_9222', '--new-window', 'https://maimai.cn/ent/v41/recruit/talents?tab=1']
2026-02-26 15:02:11 - start_browser_with_debug_port: success (port open)
2026-02-26 15:02:59 - attach_selenium_driver: checking driver at D:\GitClone\PythonProject\AutoNetworker\msedgedriver.exe
2026-02-26 15:02:59 - attach_selenium_driver: local driver not found, will rely on PATH
2026-02-26 15:09:41 - start_browser_with_debug_port: browser=Microsoft Edge, port=9222
2026-02-26 15:09:41 - start_browser_with_debug_port: found exe=C:\Program Files (x86)\Microsoft\Edge\Application\msedge.exe
2026-02-26 15:09:41 - start_browser_with_debug_port: launching args=['C:\\Program Files (x86)\\Microsoft\\Edge\\Application\\msedge.exe', '--remote-debugging-port=9222', '--user-data-dir=C:\\Users\\Administrator\\AppData\\Local\\Temp\\AutoNetworkerProfile_Microsoft Edge_9222', '--new-window', 'https://maimai.cn/ent/v41/recruit/talents?tab=1']
2026-02-26 15:09:42 - start_browser_with_debug_port: success (port open)
2026-02-26 15:09:55 - attach_selenium_driver: checking driver at D:\GitClone\PythonProject\AutoNetworker\msedgedriver.exe
2026-02-26 15:09:55 - attach_selenium_driver: local driver not found, will rely on PATH
2026-02-26 15:13:38 - start_browser_with_debug_port: browser=Microsoft Edge, port=9222
2026-02-26 15:13:38 - start_browser_with_debug_port: found exe=C:\Program Files (x86)\Microsoft\Edge\Application\msedge.exe
2026-02-26 15:13:38 - start_browser_with_debug_port: launching args=['C:\\Program Files (x86)\\Microsoft\\Edge\\Application\\msedge.exe', '--remote-debugging-port=9222', '--user-data-dir=C:\\Users\\Administrator\\AppData\\Local\\Temp\\AutoNetworkerProfile_Microsoft Edge_9222', '--new-window', 'https://maimai.cn/ent/v41/recruit/talents?tab=1']
2026-02-26 15:13:39 - start_browser_with_debug_port: success (port open)
2026-02-26 15:14:30 - attach_selenium_driver: checking driver at D:\GitClone\PythonProject\AutoNetworker\msedgedriver.exe
2026-02-26 15:14:30 - attach_selenium_driver: local driver not found, will rely on PATH
2026-02-26 15:24:19 - start_browser_with_debug_port: browser=Microsoft Edge, port=9222
2026-02-26 15:24:19 - start_browser_with_debug_port: found exe=C:\Program Files (x86)\Microsoft\Edge\Application\msedge.exe
2026-02-26 15:24:19 - start_browser_with_debug_port: launching args=['C:\\Program Files (x86)\\Microsoft\\Edge\\Application\\msedge.exe', '--remote-debugging-port=9222', '--user-data-dir=C:\\Users\\Administrator\\AppData\\Local\\Temp\\AutoNetworkerProfile_Microsoft Edge_9222', '--new-window', 'https://maimai.cn/ent/v41/recruit/talents?tab=1']
2026-02-26 15:24:20 - start_browser_with_debug_port: success (port open)
2026-02-26 15:24:40 - attach_selenium_driver: checking driver at D:\GitClone\PythonProject\AutoNetworker\msedgedriver.exe
2026-02-26 15:24:40 - attach_selenium_driver: local driver not found, will rely on PATH
2026-02-26 15:33:15 - start_browser_with_debug_port: browser=Microsoft Edge, port=9222
2026-02-26 15:33:15 - start_browser_with_debug_port: found exe=C:\Program Files (x86)\Microsoft\Edge\Application\msedge.exe
2026-02-26 15:33:15 - start_browser_with_debug_port: launching args=['C:\\Program Files (x86)\\Microsoft\\Edge\\Application\\msedge.exe', '--remote-debugging-port=9222', '--user-data-dir=C:\\Users\\Administrator\\AppData\\Local\\Temp\\AutoNetworkerProfile_Microsoft Edge_9222', '--new-window', 'https://maimai.cn/ent/v41/recruit/talents?tab=1']
2026-02-26 15:33:16 - start_browser_with_debug_port: success (port open)
2026-02-26 15:33:29 - attach_selenium_driver: checking driver at D:\GitClone\PythonProject\AutoNetworker\msedgedriver.exe
2026-02-26 15:33:29 - attach_selenium_driver: local driver not found, will rely on PATH
2026-02-26 15:38:06 - start_browser_with_debug_port: browser=Microsoft Edge, port=9222
2026-02-26 15:38:06 - start_browser_with_debug_port: found exe=C:\Program Files (x86)\Microsoft\Edge\Application\msedge.exe
2026-02-26 15:38:06 - start_browser_with_debug_port: launching args=['C:\\Program Files (x86)\\Microsoft\\Edge\\Application\\msedge.exe', '--remote-debugging-port=9222', '--user-data-dir=C:\\Users\\Administrator\\AppData\\Local\\Temp\\AutoNetworkerProfile_Microsoft Edge_9222', '--new-window', 'https://maimai.cn/ent/v41/recruit/talents?tab=1']
2026-02-26 15:38:07 - start_browser_with_debug_port: success (port open)
2026-02-26 15:38:25 - attach_selenium_driver: checking driver at D:\GitClone\PythonProject\AutoNetworker\msedgedriver.exe
2026-02-26 15:38:25 - attach_selenium_driver: local driver not found, will rely on PATH
2026-02-26 15:55:39 - start_browser_with_debug_port: browser=Microsoft Edge, port=9222
2026-02-26 15:55:39 - start_browser_with_debug_port: found exe=C:\Program Files (x86)\Microsoft\Edge\Application\msedge.exe
2026-02-26 15:55:39 - start_browser_with_debug_port: launching args=['C:\\Program Files (x86)\\Microsoft\\Edge\\Application\\msedge.exe', '--remote-debugging-port=9222', '--user-data-dir=C:\\Users\\Administrator\\AppData\\Local\\Temp\\AutoNetworkerProfile_Microsoft Edge_9222', '--new-window', 'https://maimai.cn/ent/v41/recruit/talents?tab=1']
2026-02-26 15:55:40 - start_browser_with_debug_port: success (port open)
2026-02-26 15:56:05 - attach_selenium_driver: checking driver at D:\GitClone\PythonProject\AutoNetworker\msedgedriver.exe
2026-02-26 15:56:05 - attach_selenium_driver: local driver not found, will rely on PATH
2026-02-26 16:11:56 - start_browser_with_debug_port: browser=Microsoft Edge, port=9222
2026-02-26 16:11:56 - start_browser_with_debug_port: found exe=C:\Program Files (x86)\Microsoft\Edge\Application\msedge.exe
2026-02-26 16:11:56 - start_browser_with_debug_port: launching args=['C:\\Program Files (x86)\\Microsoft\\Edge\\Application\\msedge.exe', '--remote-debugging-port=9222', '--user-data-dir=C:\\Users\\Administrator\\AppData\\Local\\Temp\\AutoNetworkerProfile_Microsoft Edge_9222', '--new-window', 'https://maimai.cn/ent/v41/recruit/talents?tab=1']
2026-02-26 16:11:57 - start_browser_with_debug_port: success (port open)
2026-02-26 16:13:02 - attach_selenium_driver: checking driver at D:\GitClone\PythonProject\AutoNetworker\msedgedriver.exe
2026-02-26 16:13:02 - attach_selenium_driver: local driver not found, will rely on PATH
2026-02-26 16:18:26 - start_browser_with_debug_port: browser=Microsoft Edge, port=9222
2026-02-26 16:18:26 - start_browser_with_debug_port: found exe=C:\Program Files (x86)\Microsoft\Edge\Application\msedge.exe
2026-02-26 16:18:26 - start_browser_with_debug_port: launching args=['C:\\Program Files (x86)\\Microsoft\\Edge\\Application\\msedge.exe', '--remote-debugging-port=9222', '--user-data-dir=C:\\Users\\Administrator\\AppData\\Local\\Temp\\AutoNetworkerProfile_Microsoft Edge_9222', '--new-window', 'https://maimai.cn/ent/v41/recruit/talents?tab=1']
2026-02-26 16:18:27 - start_browser_with_debug_port: success (port open)
2026-02-26 16:18:56 - attach_selenium_driver: checking driver at D:\GitClone\PythonProject\AutoNetworker\msedgedriver.exe
2026-02-26 16:18:56 - attach_selenium_driver: local driver not found, will rely on PATH
2026-02-26 16:37:29 - start_browser_with_debug_port: browser=Microsoft Edge, port=9222
2026-02-26 16:37:29 - start_browser_with_debug_port: found exe=C:\Program Files (x86)\Microsoft\Edge\Application\msedge.exe
2026-02-26 16:37:29 - start_browser_with_debug_port: launching args=['C:\\Program Files (x86)\\Microsoft\\Edge\\Application\\msedge.exe', '--remote-debugging-port=9222', '--user-data-dir=C:\\Users\\Administrator\\AppData\\Local\\Temp\\AutoNetworkerProfile_Microsoft Edge_9222', '--new-window', 'https://maimai.cn/ent/v41/recruit/talents?tab=1']
2026-02-26 16:37:30 - start_browser_with_debug_port: success (port open)
2026-02-26 16:39:01 - attach_selenium_driver: checking driver at D:\GitClone\PythonProject\AutoNetworker\msedgedriver.exe
2026-02-26 16:39:01 - attach_selenium_driver: local driver not found, will rely on PATH
2026-02-26 16:39:12 - ActionChains click failed: Message: no such element: element not found
  (Session info: MicrosoftEdge=145.0.3800.70); For documentation on this error, please visit: https://www.selenium.dev/documentation/webdriver/troubleshooting/errors#nosuchelementexception
Stacktrace:
Symbols not available. Dumping unresolved backtrace:
	0x7ff660f16815
	0x7ff660f16874
	0x7ff66125ad8a
	0x7ff660c7c1ee
	0x7ff660c7b364
	0x7ff660c7c7a5
	0x7ff660c717ea
	0x7ff660c6ff36
	0x7ff660c73244
	0x7ff660c7330f
	0x7ff660cb8d05
	0x7ff660cb83f3
	0x7ff660cf8ad5
	0x7ff660cd42ba
	0x7ff660caa307
	0x7ff660cef1e7
	0x7ff660ca9a1c
	0x7ff660ca8c76
	0x7ff660ca9843
	0x7ff660d70474
	0x7ff660d6c913
	0x7ff660d7cfd3
	0x7ff660f30ef8
	0x7ff660f397d6
	0x7ff660f1de54
	0x7ff660f1df99
	0x7ff660f0bdd2
	0x7ffe52997374
	0x7ffe52cdcc91

2026-02-26 16:41:19 - start_browser_with_debug_port: browser=Microsoft Edge, port=9222
2026-02-26 16:41:19 - start_browser_with_debug_port: found exe=C:\Program Files (x86)\Microsoft\Edge\Application\msedge.exe
2026-02-26 16:41:19 - start_browser_with_debug_port: launching args=['C:\\Program Files (x86)\\Microsoft\\Edge\\Application\\msedge.exe', '--remote-debugging-port=9222', '--user-data-dir=C:\\Users\\Administrator\\AppData\\Local\\Temp\\AutoNetworkerProfile_Microsoft Edge_9222', '--new-window', 'https://maimai.cn/ent/v41/recruit/talents?tab=1']
2026-02-26 16:41:20 - start_browser_with_debug_port: success (port open)
2026-02-26 16:42:03 - attach_selenium_driver: checking driver at D:\GitClone\PythonProject\AutoNetworker\msedgedriver.exe
2026-02-26 16:42:03 - attach_selenium_driver: local driver not found, will rely on PATH
2026-02-26 16:46:08 - start_browser_with_debug_port: browser=Microsoft Edge, port=9222
2026-02-26 16:46:08 - start_browser_with_debug_port: found exe=C:\Program Files (x86)\Microsoft\Edge\Application\msedge.exe
2026-02-26 16:46:08 - start_browser_with_debug_port: launching args=['C:\\Program Files (x86)\\Microsoft\\Edge\\Application\\msedge.exe', '--remote-debugging-port=9222', '--user-data-dir=C:\\Users\\Administrator\\AppData\\Local\\Temp\\AutoNetworkerProfile_Microsoft Edge_9222', '--new-window', 'https://maimai.cn/ent/v41/recruit/talents?tab=1']
2026-02-26 16:46:09 - start_browser_with_debug_port: success (port open)
2026-02-26 16:46:25 - attach_selenium_driver: checking driver at D:\GitClone\PythonProject\AutoNetworker\msedgedriver.exe
2026-02-26 16:46:25 - attach_selenium_driver: local driver not found, will rely on PATH
2026-02-26 16:46:41 - ActionChains click failed: Message: no such element: element not found
  (Session info: MicrosoftEdge=145.0.3800.70); For documentation on this error, please visit: https://www.selenium.dev/documentation/webdriver/troubleshooting/errors#nosuchelementexception
Stacktrace:
Symbols not available. Dumping unresolved backtrace:
	0x7ff660f16815
	0x7ff660f16874
	0x7ff66125ad8a
	0x7ff660c7c1ee
	0x7ff660c7b364
	0x7ff660c7c7a5
	0x7ff660c717ea
	0x7ff660c6ff36
	0x7ff660c73244
	0x7ff660c7330f
	0x7ff660cb8d05
	0x7ff660cb83f3
	0x7ff660cf8ad5
	0x7ff660cd42ba
	0x7ff660caa307
	0x7ff660cef1e7
	0x7ff660ca9a1c
	0x7ff660ca8c76
	0x7ff660ca9843
	0x7ff660d70474
	0x7ff660d6c913
	0x7ff660d7cfd3
	0x7ff660f30ef8
	0x7ff660f397d6
	0x7ff660f1de54
	0x7ff660f1df99
	0x7ff660f0bdd2
	0x7ffe52997374
	0x7ffe52cdcc91

2026-02-26 16:46:52 - ActionChains click failed: Message: no such element: element not found
  (Session info: MicrosoftEdge=145.0.3800.70); For documentation on this error, please visit: https://www.selenium.dev/documentation/webdriver/troubleshooting/errors#nosuchelementexception
Stacktrace:
Symbols not available. Dumping unresolved backtrace:
	0x7ff660f16815
	0x7ff660f16874
	0x7ff66125ad8a
	0x7ff660c7c1ee
	0x7ff660c7b364
	0x7ff660c7c7a5
	0x7ff660c717ea
	0x7ff660c6ff36
	0x7ff660c73244
	0x7ff660c7330f
	0x7ff660cb8d05
	0x7ff660cb83f3
	0x7ff660cf8ad5
	0x7ff660cd42ba
	0x7ff660caa307
	0x7ff660cef1e7
	0x7ff660ca9a1c
	0x7ff660ca8c76
	0x7ff660ca9843
	0x7ff660d70474
	0x7ff660d6c913
	0x7ff660d7cfd3
	0x7ff660f30ef8
	0x7ff660f397d6
	0x7ff660f1de54
	0x7ff660f1df99
	0x7ff660f0bdd2
	0x7ffe52997374
	0x7ffe52cdcc91

2026-02-26 16:47:04 - ActionChains click failed: Message: no such element: element not found
  (Session info: MicrosoftEdge=145.0.3800.70); For documentation on this error, please visit: https://www.selenium.dev/documentation/webdriver/troubleshooting/errors#nosuchelementexception
Stacktrace:
Symbols not available. Dumping unresolved backtrace:
	0x7ff660f16815
	0x7ff660f16874
	0x7ff66125ad8a
	0x7ff660c7c1ee
	0x7ff660c7b364
	0x7ff660c7c7a5
	0x7ff660c717ea
	0x7ff660c6ff36
	0x7ff660c73244
	0x7ff660c7330f
	0x7ff660cb8d05
	0x7ff660cb83f3
	0x7ff660cf8ad5
	0x7ff660cd42ba
	0x7ff660caa307
	0x7ff660cef1e7
	0x7ff660ca9a1c
	0x7ff660ca8c76
	0x7ff660ca9843
	0x7ff660d70474
	0x7ff660d6c913
	0x7ff660d7cfd3
	0x7ff660f30ef8
	0x7ff660f397d6
	0x7ff660f1de54
	0x7ff660f1df99
	0x7ff660f0bdd2
	0x7ffe52997374
	0x7ffe52cdcc91

2026-02-26 16:50:25 - start_browser_with_debug_port: browser=Microsoft Edge, port=9222
2026-02-26 16:50:25 - start_browser_with_debug_port: found exe=C:\Program Files (x86)\Microsoft\Edge\Application\msedge.exe
2026-02-26 16:50:25 - start_browser_with_debug_port: launching args=['C:\\Program Files (x86)\\Microsoft\\Edge\\Application\\msedge.exe', '--remote-debugging-port=9222', '--user-data-dir=C:\\Users\\Administrator\\AppData\\Local\\Temp\\AutoNetworkerProfile_Microsoft Edge_9222', '--new-window', 'https://maimai.cn/ent/v41/recruit/talents?tab=1']
2026-02-26 16:50:26 - start_browser_with_debug_port: success (port open)
2026-02-26 16:52:19 - attach_selenium_driver: checking driver at D:\GitClone\PythonProject\AutoNetworker\msedgedriver.exe
2026-02-26 16:52:19 - attach_selenium_driver: local driver not found, will rely on PATH
2026-02-26 16:55:15 - start_browser_with_debug_port: browser=Microsoft Edge, port=9222
2026-02-26 16:55:15 - start_browser_with_debug_port: found exe=C:\Program Files (x86)\Microsoft\Edge\Application\msedge.exe
2026-02-26 16:55:15 - start_browser_with_debug_port: launching args=['C:\\Program Files (x86)\\Microsoft\\Edge\\Application\\msedge.exe', '--remote-debugging-port=9222', '--user-data-dir=C:\\Users\\Administrator\\AppData\\Local\\Temp\\AutoNetworkerProfile_Microsoft Edge_9222', '--new-window', 'https://maimai.cn/ent/v41/recruit/talents?tab=1']
2026-02-26 16:55:16 - start_browser_with_debug_port: success (port open)
2026-02-26 16:56:45 - attach_selenium_driver: checking driver at D:\GitClone\PythonProject\AutoNetworker\msedgedriver.exe
2026-02-26 16:56:45 - attach_selenium_driver: local driver not found, will rely on PATH
2026-02-26 17:01:30 - start_browser_with_debug_port: browser=Microsoft Edge, port=9222
2026-02-26 17:01:30 - start_browser_with_debug_port: found exe=C:\Program Files (x86)\Microsoft\Edge\Application\msedge.exe
2026-02-26 17:01:30 - start_browser_with_debug_port: launching args=['C:\\Program Files (x86)\\Microsoft\\Edge\\Application\\msedge.exe', '--remote-debugging-port=9222', '--user-data-dir=C:\\Users\\Administrator\\AppData\\Local\\Temp\\AutoNetworkerProfile_Microsoft Edge_9222', '--new-window', 'https://maimai.cn/ent/v41/recruit/talents?tab=1']
2026-02-26 17:01:31 - start_browser_with_debug_port: success (port open)
2026-02-26 17:02:43 - attach_selenium_driver: checking driver at D:\GitClone\PythonProject\AutoNetworker\msedgedriver.exe
2026-02-26 17:02:43 - attach_selenium_driver: local driver not found, will rely on PATH
2026-02-26 17:04:03 - attach_selenium_driver: checking driver at D:\GitClone\PythonProject\AutoNetworker\msedgedriver.exe
2026-02-26 17:04:03 - attach_selenium_driver: local driver not found, will rely on PATH
2026-02-26 17:07:15 - start_browser_with_debug_port: browser=Microsoft Edge, port=9222
2026-02-26 17:07:15 - start_browser_with_debug_port: found exe=C:\Program Files (x86)\Microsoft\Edge\Application\msedge.exe
2026-02-26 17:07:15 - start_browser_with_debug_port: launching args=['C:\\Program Files (x86)\\Microsoft\\Edge\\Application\\msedge.exe', '--remote-debugging-port=9222', '--user-data-dir=C:\\Users\\Administrator\\AppData\\Local\\Temp\\AutoNetworkerProfile_Microsoft Edge_9222', '--new-window', 'https://maimai.cn/ent/v41/recruit/talents?tab=1']
2026-02-26 17:07:16 - start_browser_with_debug_port: success (port open)
2026-02-26 17:07:38 - attach_selenium_driver: checking driver at D:\GitClone\PythonProject\AutoNetworker\msedgedriver.exe
2026-02-26 17:07:38 - attach_selenium_driver: local driver not found, will rely on PATH
2026-02-26 17:12:19 - start_browser_with_debug_port: browser=Microsoft Edge, port=9222
2026-02-26 17:12:19 - start_browser_with_debug_port: found exe=C:\Program Files (x86)\Microsoft\Edge\Application\msedge.exe
2026-02-26 17:12:19 - start_browser_with_debug_port: launching args=['C:\\Program Files (x86)\\Microsoft\\Edge\\Application\\msedge.exe', '--remote-debugging-port=9222', '--user-data-dir=C:\\Users\\Administrator\\AppData\\Local\\Temp\\AutoNetworkerProfile_Microsoft Edge_9222', '--new-window', 'https://maimai.cn/ent/v41/recruit/talents?tab=1']
2026-02-26 17:12:20 - start_browser_with_debug_port: success (port open)
2026-02-26 17:12:42 - attach_selenium_driver: checking driver at D:\GitClone\PythonProject\AutoNetworker\msedgedriver.exe
2026-02-26 17:12:42 - attach_selenium_driver: local driver not found, will rely on PATH
2026-02-26 17:15:13 - start_browser_with_debug_port: browser=Microsoft Edge, port=9222
2026-02-26 17:15:13 - start_browser_with_debug_port: found exe=C:\Program Files (x86)\Microsoft\Edge\Application\msedge.exe
2026-02-26 17:15:13 - start_browser_with_debug_port: launching args=['C:\\Program Files (x86)\\Microsoft\\Edge\\Application\\msedge.exe', '--remote-debugging-port=9222', '--user-data-dir=C:\\Users\\Administrator\\AppData\\Local\\Temp\\AutoNetworkerProfile_Microsoft Edge_9222', '--new-window', 'https://maimai.cn/ent/v41/recruit/talents?tab=1']
2026-02-26 17:15:14 - start_browser_with_debug_port: success (port open)
2026-02-26 17:15:32 - attach_selenium_driver: checking driver at D:\GitClone\PythonProject\AutoNetworker\msedgedriver.exe
2026-02-26 17:15:32 - attach_selenium_driver: local driver not found, will rely on PATH
2026-02-26 17:16:06 - attach_selenium_driver: checking driver at D:\GitClone\PythonProject\AutoNetworker\msedgedriver.exe
2026-02-26 17:16:06 - attach_selenium_driver: local driver not found, will rely on PATH
2026-02-26 17:18:12 - start_browser_with_debug_port: browser=Microsoft Edge, port=9222
2026-02-26 17:18:12 - start_browser_with_debug_port: found exe=C:\Program Files (x86)\Microsoft\Edge\Application\msedge.exe
2026-02-26 17:18:12 - start_browser_with_debug_port: launching args=['C:\\Program Files (x86)\\Microsoft\\Edge\\Application\\msedge.exe', '--remote-debugging-port=9222', '--user-data-dir=C:\\Users\\Administrator\\AppData\\Local\\Temp\\AutoNetworkerProfile_Microsoft Edge_9222', '--new-window', 'https://maimai.cn/ent/v41/recruit/talents?tab=1']
2026-02-26 17:18:13 - start_browser_with_debug_port: success (port open)
2026-02-26 17:18:36 - attach_selenium_driver: checking driver at D:\GitClone\PythonProject\AutoNetworker\msedgedriver.exe
2026-02-26 17:18:36 - attach_selenium_driver: local driver not found, will rely on PATH
2026-02-26 17:20:24 - start_browser_with_debug_port: browser=Microsoft Edge, port=9222
2026-02-26 17:20:24 - start_browser_with_debug_port: found exe=C:\Program Files (x86)\Microsoft\Edge\Application\msedge.exe
2026-02-26 17:20:24 - start_browser_with_debug_port: launching args=['C:\\Program Files (x86)\\Microsoft\\Edge\\Application\\msedge.exe', '--remote-debugging-port=9222', '--user-data-dir=C:\\Users\\Administrator\\AppData\\Local\\Temp\\AutoNetworkerProfile_Microsoft Edge_9222', '--new-window', 'https://maimai.cn/ent/v41/recruit/talents?tab=1']
2026-02-26 17:20:25 - start_browser_with_debug_port: success (port open)
2026-02-26 17:22:26 - attach_selenium_driver: checking driver at D:\GitClone\PythonProject\AutoNetworker\msedgedriver.exe
2026-02-26 17:22:26 - attach_selenium_driver: local driver not found, will rely on PATH
2026-03-01 20:42:28 - start_browser_with_debug_port: browser=Microsoft Edge, port=9222
2026-03-01 20:42:28 - start_browser_with_debug_port: found exe=C:\Program Files (x86)\Microsoft\Edge\Application\msedge.exe
2026-03-01 20:42:28 - start_browser_with_debug_port: launching args=['C:\\Program Files (x86)\\Microsoft\\Edge\\Application\\msedge.exe', '--remote-debugging-port=9222', '--user-data-dir=C:\\Users\\Administrator\\AppData\\Local\\Temp\\AutoNetworkerProfile_Microsoft Edge_9222', '--new-window', 'https://maimai.cn/ent/v41/recruit/talents?tab=1']
2026-03-01 20:42:29 - start_browser_with_debug_port: success (port open)
2026-03-01 20:51:47 - start_browser_with_debug_port: browser=Microsoft Edge, port=9222
2026-03-01 20:51:47 - start_browser_with_debug_port: found exe=C:\Program Files (x86)\Microsoft\Edge\Application\msedge.exe
2026-03-01 20:51:47 - start_browser_with_debug_port: launching args=['C:\\Program Files (x86)\\Microsoft\\Edge\\Application\\msedge.exe', '--remote-debugging-port=9222', '--user-data-dir=C:\\Users\\Administrator\\AppData\\Local\\Temp\\AutoNetworkerProfile_Microsoft Edge_9222', '--new-window', 'https://maimai.cn/ent/v41/recruit/talents?tab=1']
2026-03-01 20:51:48 - start_browser_with_debug_port: success (port open)
2026-03-01 21:39:59 - start_browser_with_debug_port: browser=Microsoft Edge, port=9222
2026-03-01 21:39:59 - start_browser_with_debug_port: found exe=C:\Program Files (x86)\Microsoft\Edge\Application\msedge.exe
2026-03-01 21:39:59 - start_browser_with_debug_port: launching args=['C:\\Program Files (x86)\\Microsoft\\Edge\\Application\\msedge.exe', '--remote-debugging-port=9222', '--user-data-dir=C:\\Users\\Administrator\\AppData\\Local\\Temp\\AutoNetworkerProfile_Microsoft Edge_9222', '--new-window', 'https://maimai.cn/ent/v41/recruit/talents?tab=1']
2026-03-01 21:40:00 - start_browser_with_debug_port: success (port open)
2026-03-01 21:46:40 - start_browser_with_debug_port: browser=Microsoft Edge, port=9222
2026-03-01 21:46:40 - start_browser_with_debug_port: found exe=C:\Program Files (x86)\Microsoft\Edge\Application\msedge.exe
2026-03-01 21:46:40 - start_browser_with_debug_port: launching args=['C:\\Program Files (x86)\\Microsoft\\Edge\\Application\\msedge.exe', '--remote-debugging-port=9222', '--user-data-dir=C:\\Users\\Administrator\\AppData\\Local\\Temp\\AutoNetworkerProfile_Microsoft Edge_9222', '--new-window', 'https://maimai.cn/ent/v41/recruit/talents?tab=1']
2026-03-01 21:46:41 - start_browser_with_debug_port: success (port open)
2026-03-01 21:53:59 - start_browser_with_debug_port: browser=Microsoft Edge, port=9222
2026-03-01 21:53:59 - start_browser_with_debug_port: found exe=C:\Program Files (x86)\Microsoft\Edge\Application\msedge.exe
2026-03-01 21:53:59 - start_browser_with_debug_port: launching args=['C:\\Program Files (x86)\\Microsoft\\Edge\\Application\\msedge.exe', '--remote-debugging-port=9222', '--user-data-dir=C:\\Users\\Administrator\\AppData\\Local\\Temp\\AutoNetworkerProfile_Microsoft Edge_9222', '--new-window', 'https://maimai.cn/ent/v41/recruit/talents?tab=1']
2026-03-01 21:54:00 - start_browser_with_debug_port: success (port open)
2026-03-01 21:54:17 - start_browser_with_debug_port: browser=Microsoft Edge, port=9222
2026-03-01 21:54:17 - start_browser_with_debug_port: found exe=C:\Program Files (x86)\Microsoft\Edge\Application\msedge.exe
2026-03-01 21:54:17 - start_browser_with_debug_port: launching args=['C:\\Program Files (x86)\\Microsoft\\Edge\\Application\\msedge.exe', '--remote-debugging-port=9222', '--user-data-dir=C:\\Users\\Administrator\\AppData\\Local\\Temp\\AutoNetworkerProfile_Microsoft Edge_9222', '--new-window', 'https://maimai.cn/ent/v41/recruit/talents?tab=1']
2026-03-01 21:54:17 - start_browser_with_debug_port: success (port open)
2026-03-01 21:54:58 - start_browser_with_debug_port: browser=Microsoft Edge, port=9222
2026-03-01 21:54:58 - start_browser_with_debug_port: found exe=C:\Program Files (x86)\Microsoft\Edge\Application\msedge.exe
2026-03-01 21:54:58 - start_browser_with_debug_port: launching args=['C:\\Program Files (x86)\\Microsoft\\Edge\\Application\\msedge.exe', '--remote-debugging-port=9222', '--user-data-dir=C:\\Users\\Administrator\\AppData\\Local\\Temp\\AutoNetworkerProfile_Microsoft Edge_9222', '--new-window', 'https://maimai.cn/ent/v41/recruit/talents?tab=1']
2026-03-01 21:54:59 - start_browser_with_debug_port: success (port open)
2026-03-01 21:55:32 - start_browser_with_debug_port: browser=Microsoft Edge, port=9222
2026-03-01 21:55:32 - start_browser_with_debug_port: found exe=C:\Program Files (x86)\Microsoft\Edge\Application\msedge.exe
2026-03-01 21:55:32 - start_browser_with_debug_port: launching args=['C:\\Program Files (x86)\\Microsoft\\Edge\\Application\\msedge.exe', '--remote-debugging-port=9222', '--user-data-dir=C:\\Users\\Administrator\\AppData\\Local\\Temp\\AutoNetworkerProfile_Microsoft Edge_9222', '--new-window', 'https://maimai.cn/ent/v41/recruit/talents?tab=1']
2026-03-01 21:55:33 - start_browser_with_debug_port: success (port open)
2026-03-01 21:58:44 - start_browser_with_debug_port: browser=Microsoft Edge, port=9222
2026-03-01 21:58:44 - start_browser_with_debug_port: found exe=C:\Program Files (x86)\Microsoft\Edge\Application\msedge.exe
2026-03-01 21:58:44 - start_browser_with_debug_port: launching args=['C:\\Program Files (x86)\\Microsoft\\Edge\\Application\\msedge.exe', '--remote-debugging-port=9222', '--user-data-dir=C:\\Users\\Administrator\\AppData\\Local\\Temp\\AutoNetworkerProfile_Microsoft Edge_9222', '--new-window', 'https://maimai.cn/ent/v41/recruit/talents?tab=1']
2026-03-01 21:58:45 - start_browser_with_debug_port: success (port open)
2026-03-01 21:59:09 - start_browser_with_debug_port: browser=Microsoft Edge, port=9222
2026-03-01 21:59:09 - start_browser_with_debug_port: found exe=C:\Program Files (x86)\Microsoft\Edge\Application\msedge.exe
2026-03-01 21:59:09 - start_browser_with_debug_port: launching args=['C:\\Program Files (x86)\\Microsoft\\Edge\\Application\\msedge.exe', '--remote-debugging-port=9222', '--user-data-dir=C:\\Users\\Administrator\\AppData\\Local\\Temp\\AutoNetworkerProfile_Microsoft Edge_9222', '--new-window', 'https://maimai.cn/ent/v41/recruit/talents?tab=1']
2026-03-01 21:59:10 - start_browser_with_debug_port: success (port open)
2026-03-01 22:03:00 - start_browser_with_debug_port: browser=Microsoft Edge, port=9222
2026-03-01 22:03:00 - start_browser_with_debug_port: found exe=C:\Program Files (x86)\Microsoft\Edge\Application\msedge.exe
2026-03-01 22:03:00 - start_browser_with_debug_port: launching args=['C:\\Program Files (x86)\\Microsoft\\Edge\\Application\\msedge.exe', '--remote-debugging-port=9222', '--user-data-dir=C:\\Users\\Administrator\\AppData\\Local\\Temp\\AutoNetworkerProfile_Microsoft Edge_9222', '--new-window', 'https://maimai.cn/ent/v41/recruit/talents?tab=1']
2026-03-01 22:03:01 - start_browser_with_debug_port: success (port open)
2026-03-01 22:05:19 - start_browser_with_debug_port: browser=Microsoft Edge, port=9222
2026-03-01 22:05:19 - start_browser_with_debug_port: found exe=C:\Program Files (x86)\Microsoft\Edge\Application\msedge.exe
2026-03-01 22:05:19 - start_browser_with_debug_port: launching args=['C:\\Program Files (x86)\\Microsoft\\Edge\\Application\\msedge.exe', '--remote-debugging-port=9222', '--user-data-dir=C:\\Users\\Administrator\\AppData\\Local\\Temp\\AutoNetworkerProfile_Microsoft Edge_9222', '--new-window', 'https://maimai.cn/ent/v41/recruit/talents?tab=1']
2026-03-01 22:05:20 - start_browser_with_debug_port: success (port open)
2026-03-01 22:07:25 - start_browser_with_debug_port: browser=Microsoft Edge, port=9222
2026-03-01 22:07:25 - start_browser_with_debug_port: found exe=C:\Program Files (x86)\Microsoft\Edge\Application\msedge.exe
2026-03-01 22:07:25 - start_browser_with_debug_port: launching args=['C:\\Program Files (x86)\\Microsoft\\Edge\\Application\\msedge.exe', '--remote-debugging-port=9222', '--user-data-dir=C:\\Users\\Administrator\\AppData\\Local\\Temp\\AutoNetworkerProfile_Microsoft Edge_9222', '--new-window', 'https://maimai.cn/ent/v41/recruit/talents?tab=1']
2026-03-01 22:07:26 - start_browser_with_debug_port: success (port open)
2026-03-01 22:10:54 - start_browser_with_debug_port: browser=Microsoft Edge, port=9222
2026-03-01 22:10:54 - start_browser_with_debug_port: found exe=C:\Program Files (x86)\Microsoft\Edge\Application\msedge.exe
2026-03-01 22:10:54 - start_browser_with_debug_port: launching args=['C:\\Program Files (x86)\\Microsoft\\Edge\\Application\\msedge.exe', '--remote-debugging-port=9222', '--user-data-dir=C:\\Users\\Administrator\\AppData\\Local\\Temp\\AutoNetworkerProfile_Microsoft Edge_9222', '--new-window', 'https://maimai.cn/ent/v41/recruit/talents?tab=1']
2026-03-01 22:10:55 - start_browser_with_debug_port: success (port open)
2026-03-01 22:13:44 - start_browser_with_debug_port: browser=Microsoft Edge, port=9222
2026-03-01 22:13:44 - start_browser_with_debug_port: found exe=C:\Program Files (x86)\Microsoft\Edge\Application\msedge.exe
2026-03-01 22:13:44 - start_browser_with_debug_port: launching args=['C:\\Program Files (x86)\\Microsoft\\Edge\\Application\\msedge.exe', '--remote-debugging-port=9222', '--user-data-dir=C:\\Users\\Administrator\\AppData\\Local\\Temp\\AutoNetworkerProfile_Microsoft Edge_9222', '--new-window', 'https://maimai.cn/ent/v41/recruit/talents?tab=1']
2026-03-01 22:13:44 - STARTING BROWSER: ['C:\\Program Files (x86)\\Microsoft\\Edge\\Application\\msedge.exe', '--remote-debugging-port=9222', '--user-data-dir=C:\\Users\\Administrator\\AppData\\Local\\Temp\\AutoNetworkerProfile_Microsoft Edge_9222', '--new-window', 'https://maimai.cn/ent/v41/recruit/talents?tab=1']
2026-03-01 22:13:44 - Started browser process PID: 24888 with flags 0x1000208
2026-03-01 22:13:44 - start_browser_with_debug_port: success (port open)
2026-03-01 22:18:57 - attach_selenium_driver: checking driver at D:\GitClone\PythonProject\AutoNetworker\msedgedriver.exe
2026-03-01 22:18:57 - attach_selenium_driver: local driver not found, will rely on PATH
2026-03-01 22:19:20 - start_browser_with_debug_port: browser=Microsoft Edge, port=9222
2026-03-01 22:19:20 - start_browser_with_debug_port: found exe=C:\Program Files (x86)\Microsoft\Edge\Application\msedge.exe
2026-03-01 22:19:20 - start_browser_with_debug_port: launching args=['C:\\Program Files (x86)\\Microsoft\\Edge\\Application\\msedge.exe', '--remote-debugging-port=9222', '--user-data-dir=C:\\Users\\Administrator\\AppData\\Local\\Temp\\AutoNetworkerProfile_Microsoft Edge_9222', '--new-window', 'https://maimai.cn/ent/v41/recruit/talents?tab=1']
2026-03-01 22:19:20 - STARTING BROWSER: ['C:\\Program Files (x86)\\Microsoft\\Edge\\Application\\msedge.exe', '--remote-debugging-port=9222', '--user-data-dir=C:\\Users\\Administrator\\AppData\\Local\\Temp\\AutoNetworkerProfile_Microsoft Edge_9222', '--new-window', 'https://maimai.cn/ent/v41/recruit/talents?tab=1']
2026-03-01 22:19:20 - Started browser process PID: 26356 with flags 0x1000208
2026-03-01 22:19:20 - start_browser_with_debug_port: success (port open)
2026-03-01 22:19:45 - attach_selenium_driver: checking driver at D:\GitClone\PythonProject\AutoNetworker\msedgedriver.exe
2026-03-01 22:19:45 - attach_selenium_driver: local driver not found, will rely on PATH
2026-03-01 22:22:23 - Attaching driver to Microsoft Edge, patching quit...
2026-03-01 22:22:40 - DRIVER SERVICE STOP CALLED (BLOCKED)
2026-03-01 22:23:28 - attach_selenium_driver: checking driver at D:\GitClone\PythonProject\AutoNetworker\msedgedriver.exe
2026-03-01 22:23:28 - attach_selenium_driver: local driver not found, will rely on PATH
2026-03-01 22:23:28 - Initializing webdriver for Microsoft Edge on port 9222...
2026-03-01 22:23:28 - Attaching driver to Microsoft Edge, patching quit...
2026-03-01 22:29:35 - DRIVER SERVICE STOP CALLED (BLOCKED)
2026-03-01 22:31:38 - attach_selenium_driver: checking driver at D:\GitClone\PythonProject\AutoNetworker\msedgedriver.exe
2026-03-01 22:31:38 - attach_selenium_driver: local driver not found, will rely on PATH
2026-03-01 22:31:38 - Initializing webdriver for Microsoft Edge on port 9222...
2026-03-01 22:31:38 - Attaching driver to Microsoft Edge, patching quit...
2026-03-01 22:32:10 - attach_selenium_driver: checking driver at D:\GitClone\PythonProject\AutoNetworker\msedgedriver.exe
2026-03-01 22:32:10 - attach_selenium_driver: local driver not found, will rely on PATH
2026-03-01 22:32:10 - Initializing webdriver for Microsoft Edge on port 9222...
2026-03-01 22:32:10 - Attaching driver to Microsoft Edge, patching quit...
2026-03-01 22:38:36 - DRIVER SERVICE STOP CALLED (BLOCKED)
2026-03-01 22:38:36 - DRIVER SERVICE STOP CALLED (BLOCKED)
2026-03-01 22:41:03 - attach_selenium_driver: checking driver at D:\GitClone\PythonProject\AutoNetworker\msedgedriver.exe
2026-03-01 22:41:03 - attach_selenium_driver: local driver not found, will rely on PATH
2026-03-01 22:41:03 - Initializing webdriver for Microsoft Edge on port 9222...
2026-03-01 22:41:03 - Attaching driver to Microsoft Edge, patching quit...
2026-03-01 22:46:27 - DRIVER SERVICE STOP CALLED (BLOCKED)
2026-03-01 22:46:52 - attach_selenium_driver: checking driver at D:\GitClone\PythonProject\AutoNetworker\msedgedriver.exe
2026-03-01 22:46:52 - attach_selenium_driver: local driver not found, will rely on PATH
2026-03-01 22:46:52 - Initializing webdriver for Microsoft Edge on port 9222...
2026-03-01 22:46:52 - Attaching driver to Microsoft Edge, patching quit...
2026-03-01 22:48:45 - attach_selenium_driver: checking driver at D:\GitClone\PythonProject\AutoNetworker\msedgedriver.exe
2026-03-01 22:48:45 - attach_selenium_driver: local driver not found, will rely on PATH
2026-03-01 22:48:45 - Initializing webdriver for Microsoft Edge on port 9222...
2026-03-01 22:48:45 - Attaching driver to Microsoft Edge, patching quit...
2026-03-01 22:51:54 - DRIVER SERVICE STOP CALLED (BLOCKED)
2026-03-01 22:51:54 - DRIVER SERVICE STOP CALLED (BLOCKED)
2026-03-01 22:52:20 - attach_selenium_driver: checking driver at D:\GitClone\PythonProject\AutoNetworker\msedgedriver.exe
2026-03-01 22:52:20 - attach_selenium_driver: local driver not found, will rely on PATH
2026-03-01 22:52:20 - Initializing webdriver for Microsoft Edge on port 9222...
2026-03-01 22:52:20 - Attaching driver to Microsoft Edge, patching quit...
2026-03-01 22:59:23 - DRIVER SERVICE STOP CALLED (BLOCKED)
2026-03-01 22:59:43 - attach_selenium_driver: checking driver at D:\GitClone\PythonProject\AutoNetworker\msedgedriver.exe
2026-03-01 22:59:43 - attach_selenium_driver: local driver not found, will rely on PATH
2026-03-01 22:59:43 - Initializing webdriver for Microsoft Edge on port 9222...
2026-03-01 22:59:43 - Attaching driver to Microsoft Edge, patching quit...
2026-03-01 23:02:33 - start_browser_with_debug_port: browser=Microsoft Edge, port=9222
2026-03-01 23:02:33 - start_browser_with_debug_port: found exe=C:\Program Files (x86)\Microsoft\Edge\Application\msedge.exe
2026-03-01 23:02:33 - start_browser_with_debug_port: launching args=['C:\\Program Files (x86)\\Microsoft\\Edge\\Application\\msedge.exe', '--remote-debugging-port=9222', '--user-data-dir=C:\\Users\\Administrator\\AppData\\Local\\Temp\\AutoNetworkerProfile_Microsoft Edge_9222', '--new-window', 'https://maimai.cn/ent/v41/recruit/talents?tab=1']
2026-03-01 23:02:33 - STARTING BROWSER: ['C:\\Program Files (x86)\\Microsoft\\Edge\\Application\\msedge.exe', '--remote-debugging-port=9222', '--user-data-dir=C:\\Users\\Administrator\\AppData\\Local\\Temp\\AutoNetworkerProfile_Microsoft Edge_9222', '--new-window', 'https://maimai.cn/ent/v41/recruit/talents?tab=1']
2026-03-01 23:02:33 - Started browser process PID: 27920 with flags 0x1000208
2026-03-01 23:02:34 - start_browser_with_debug_port: success (port open)
2026-03-01 23:06:11 - DRIVER SERVICE STOP CALLED (BLOCKED)
2026-03-01 23:06:28 - attach_selenium_driver: checking driver at D:\GitClone\PythonProject\AutoNetworker\msedgedriver.exe
2026-03-01 23:06:28 - attach_selenium_driver: local driver not found, will rely on PATH
2026-03-01 23:06:28 - Initializing webdriver for Microsoft Edge on port 9222...
2026-03-01 23:06:28 - Attaching driver to Microsoft Edge, patching quit...
2026-03-01 23:10:13 - DRIVER SERVICE STOP CALLED (BLOCKED)
2026-03-01 23:10:25 - attach_selenium_driver: checking driver at D:\GitClone\PythonProject\AutoNetworker\msedgedriver.exe
2026-03-01 23:10:25 - attach_selenium_driver: local driver not found, will rely on PATH
2026-03-01 23:10:25 - Initializing webdriver for Microsoft Edge on port 9222...
2026-03-01 23:10:25 - Attaching driver to Microsoft Edge, patching quit...
2026-03-01 23:15:26 - DRIVER SERVICE STOP CALLED (BLOCKED)
2026-03-01 23:16:06 - attach_selenium_driver: checking driver at D:\GitClone\PythonProject\AutoNetworker\msedgedriver.exe
2026-03-01 23:16:06 - attach_selenium_driver: local driver not found, will rely on PATH
2026-03-01 23:16:06 - Initializing webdriver for Microsoft Edge on port 9222...
2026-03-01 23:16:06 - Attaching driver to Microsoft Edge, patching quit...
2026-03-01 23:20:54 - attach_selenium_driver: checking driver at D:\GitClone\PythonProject\AutoNetworker\msedgedriver.exe
2026-03-01 23:20:54 - attach_selenium_driver: local driver not found, will rely on PATH
2026-03-01 23:20:54 - Initializing webdriver for Microsoft Edge on port 9222...
2026-03-01 23:20:55 - Attaching driver to Microsoft Edge, patching quit...
2026-03-01 23:27:37 - attach_selenium_driver: checking driver at D:\GitClone\PythonProject\AutoNetworker\msedgedriver.exe
2026-03-01 23:27:37 - attach_selenium_driver: local driver not found, will rely on PATH
2026-03-01 23:27:37 - Initializing webdriver for Microsoft Edge on port 9222...
2026-03-01 23:27:37 - Attaching driver to Microsoft Edge, patching quit...
2026-03-01 23:29:58 - attach_selenium_driver: checking driver at D:\GitClone\PythonProject\AutoNetworker\msedgedriver.exe
2026-03-01 23:29:58 - attach_selenium_driver: local driver not found, will rely on PATH
2026-03-01 23:29:58 - Initializing webdriver for Microsoft Edge on port 9222...
2026-03-01 23:29:59 - Attaching driver to Microsoft Edge, patching quit...
2026-03-01 23:32:24 - attach_selenium_driver: checking driver at D:\GitClone\PythonProject\AutoNetworker\msedgedriver.exe
2026-03-01 23:32:24 - attach_selenium_driver: local driver not found, will rely on PATH
2026-03-01 23:32:24 - Initializing webdriver for Microsoft Edge on port 9222...
2026-03-01 23:32:24 - Attaching driver to Microsoft Edge, patching quit...
2026-03-01 23:35:54 - attach_selenium_driver: checking driver at D:\GitClone\PythonProject\AutoNetworker\msedgedriver.exe
2026-03-01 23:35:54 - attach_selenium_driver: local driver not found, will rely on PATH
2026-03-01 23:35:54 - Initializing webdriver for Microsoft Edge on port 9222...
2026-03-01 23:35:54 - Attaching driver to Microsoft Edge, patching quit...
2026-03-01 23:42:01 - attach_selenium_driver: checking driver at D:\GitClone\PythonProject\AutoNetworker\msedgedriver.exe
2026-03-01 23:42:01 - attach_selenium_driver: local driver not found, will rely on PATH
2026-03-01 23:42:01 - Initializing webdriver for Microsoft Edge on port 9222...
2026-03-01 23:42:01 - Attaching driver to Microsoft Edge, patching quit...
2026-03-01 23:47:53 - attach_selenium_driver: checking driver at D:\GitClone\PythonProject\AutoNetworker\msedgedriver.exe
2026-03-01 23:47:53 - attach_selenium_driver: local driver not found, will rely on PATH
2026-03-01 23:47:53 - Initializing webdriver for Microsoft Edge on port 9222...
2026-03-01 23:47:53 - Attaching driver to Microsoft Edge, patching quit...
2026-03-01 23:51:41 - DRIVER SERVICE STOP CALLED (BLOCKED)
2026-03-01 23:51:56 - attach_selenium_driver: checking driver at D:\GitClone\PythonProject\AutoNetworker\msedgedriver.exe
2026-03-01 23:51:56 - attach_selenium_driver: local driver not found, will rely on PATH
2026-03-01 23:51:56 - Initializing webdriver for Microsoft Edge on port 9222...
2026-03-01 23:51:57 - Attaching driver to Microsoft Edge, patching quit...
2026-03-01 23:52:20 - start_browser_with_debug_port: browser=Microsoft Edge, port=9222
2026-03-01 23:52:20 - start_browser_with_debug_port: found exe=C:\Program Files (x86)\Microsoft\Edge\Application\msedge.exe
2026-03-01 23:52:20 - start_browser_with_debug_port: launching args=['C:\\Program Files (x86)\\Microsoft\\Edge\\Application\\msedge.exe', '--remote-debugging-port=9222', '--user-data-dir=C:\\Users\\Administrator\\AppData\\Local\\Temp\\AutoNetworkerProfile_Microsoft Edge_9222', '--new-window', 'https://maimai.cn/ent/v41/recruit/talents?tab=1']
2026-03-01 23:52:20 - STARTING BROWSER: ['C:\\Program Files (x86)\\Microsoft\\Edge\\Application\\msedge.exe', '--remote-debugging-port=9222', '--user-data-dir=C:\\Users\\Administrator\\AppData\\Local\\Temp\\AutoNetworkerProfile_Microsoft Edge_9222', '--new-window', 'https://maimai.cn/ent/v41/recruit/talents?tab=1']
2026-03-01 23:52:20 - Started browser process PID: 30688 with flags 0x1000208
2026-03-01 23:52:20 - start_browser_with_debug_port: success (port open)
2026-03-01 23:52:33 - attach_selenium_driver: checking driver at D:\GitClone\PythonProject\AutoNetworker\msedgedriver.exe
2026-03-01 23:52:33 - attach_selenium_driver: local driver not found, will rely on PATH
2026-03-01 23:52:33 - Initializing webdriver for Microsoft Edge on port 9222...
2026-03-01 23:52:33 - Attaching driver to Microsoft Edge, patching quit...
2026-03-01 23:54:06 - attach_selenium_driver: checking driver at D:\GitClone\PythonProject\AutoNetworker\msedgedriver.exe
2026-03-01 23:54:06 - attach_selenium_driver: local driver not found, will rely on PATH
2026-03-01 23:54:06 - Initializing webdriver for Microsoft Edge on port 9222...
2026-03-01 23:54:06 - Attaching driver to Microsoft Edge, patching quit...
2026-03-01 23:56:23 - attach_selenium_driver: checking driver at D:\GitClone\PythonProject\AutoNetworker\msedgedriver.exe
2026-03-01 23:56:23 - attach_selenium_driver: local driver not found, will rely on PATH
2026-03-01 23:56:23 - Initializing webdriver for Microsoft Edge on port 9222...
2026-03-01 23:56:23 - Attaching driver to Microsoft Edge, patching quit...
2026-03-02 00:00:42 - attach_selenium_driver: checking driver at D:\GitClone\PythonProject\AutoNetworker\msedgedriver.exe
2026-03-02 00:00:42 - attach_selenium_driver: local driver not found, will rely on PATH
2026-03-02 00:00:42 - Initializing webdriver for Microsoft Edge on port 9222...
2026-03-02 00:00:42 - Attaching driver to Microsoft Edge, patching quit...
2026-03-02 00:16:01 - attach_selenium_driver: checking driver at D:\GitClone\PythonProject\AutoNetworker\msedgedriver.exe
2026-03-02 00:16:01 - attach_selenium_driver: local driver not found, will rely on PATH
2026-03-02 00:16:01 - Initializing webdriver for Microsoft Edge on port 9222...
2026-03-02 00:16:01 - Attaching driver to Microsoft Edge, patching quit...
2026-03-02 00:29:14 - DRIVER SERVICE STOP CALLED (BLOCKED)
2026-03-02 00:31:23 - attach_selenium_driver: checking driver at D:\GitClone\PythonProject\AutoNetworker\msedgedriver.exe
2026-03-02 00:31:23 - attach_selenium_driver: local driver not found, will rely on PATH
2026-03-02 00:31:23 - Initializing webdriver for Microsoft Edge on port 9222...
2026-03-02 00:31:23 - Attaching driver to Microsoft Edge, patching quit...
2026-03-02 00:32:19 - start_browser_with_debug_port: browser=Microsoft Edge, port=9222
2026-03-02 00:32:19 - start_browser_with_debug_port: found exe=C:\Program Files (x86)\Microsoft\Edge\Application\msedge.exe
2026-03-02 00:32:19 - start_browser_with_debug_port: launching args=['C:\\Program Files (x86)\\Microsoft\\Edge\\Application\\msedge.exe', '--remote-debugging-port=9222', '--user-data-dir=C:\\Users\\Administrator\\AppData\\Local\\Temp\\AutoNetworkerProfile_Microsoft Edge_9222', '--new-window', 'https://maimai.cn/ent/v41/recruit/talents?tab=1']
2026-03-02 00:32:19 - STARTING BROWSER: ['C:\\Program Files (x86)\\Microsoft\\Edge\\Application\\msedge.exe', '--remote-debugging-port=9222', '--user-data-dir=C:\\Users\\Administrator\\AppData\\Local\\Temp\\AutoNetworkerProfile_Microsoft Edge_9222', '--new-window', 'https://maimai.cn/ent/v41/recruit/talents?tab=1']
2026-03-02 00:32:19 - Started browser process PID: 28244 with flags 0x1000208
2026-03-02 00:32:19 - start_browser_with_debug_port: success (port open)
2026-03-02 00:33:03 - attach_selenium_driver: checking driver at D:\GitClone\PythonProject\AutoNetworker\msedgedriver.exe
2026-03-02 00:33:03 - attach_selenium_driver: local driver not found, will rely on PATH
2026-03-02 00:33:03 - Initializing webdriver for Microsoft Edge on port 9222...
2026-03-02 00:33:03 - Attaching driver to Microsoft Edge, patching quit...
2026-03-02 00:33:10 - attach_selenium_driver: checking driver at D:\GitClone\PythonProject\AutoNetworker\msedgedriver.exe
2026-03-02 00:33:10 - attach_selenium_driver: local driver not found, will rely on PATH
2026-03-02 00:33:10 - Initializing webdriver for Microsoft Edge on port 9222...
2026-03-02 00:33:10 - Attaching driver to Microsoft Edge, patching quit...
2026-03-02 00:36:19 - attach_selenium_driver: checking driver at D:\GitClone\PythonProject\AutoNetworker\msedgedriver.exe
2026-03-02 00:36:19 - attach_selenium_driver: local driver not found, will rely on PATH
2026-03-02 00:36:19 - Initializing webdriver for Microsoft Edge on port 9222...
2026-03-02 00:36:19 - Attaching driver to Microsoft Edge, patching quit...
2026-03-02 00:36:23 - DRIVER SERVICE STOP CALLED (BLOCKED)
2026-03-02 00:36:23 - DRIVER SERVICE STOP CALLED (BLOCKED)
2026-03-02 00:36:23 - DRIVER SERVICE STOP CALLED (BLOCKED)
2026-03-02 00:37:46 - attach_selenium_driver: checking driver at D:\GitClone\PythonProject\AutoNetworker\msedgedriver.exe
2026-03-02 00:37:46 - attach_selenium_driver: local driver not found, will rely on PATH
2026-03-02 00:37:46 - Initializing webdriver for Microsoft Edge on port 9222...
2026-03-02 00:37:46 - Attaching driver to Microsoft Edge, patching quit...
2026-03-02 00:38:02 - attach_selenium_driver: checking driver at D:\GitClone\PythonProject\AutoNetworker\msedgedriver.exe
2026-03-02 00:38:02 - attach_selenium_driver: local driver not found, will rely on PATH
2026-03-02 00:38:02 - Initializing webdriver for Microsoft Edge on port 9222...
2026-03-02 00:38:02 - Attaching driver to Microsoft Edge, patching quit...
2026-03-02 00:38:29 - attach_selenium_driver: checking driver at D:\GitClone\PythonProject\AutoNetworker\msedgedriver.exe
2026-03-02 00:38:29 - attach_selenium_driver: local driver not found, will rely on PATH
2026-03-02 00:38:29 - Initializing webdriver for Microsoft Edge on port 9222...
2026-03-02 00:38:30 - Attaching driver to Microsoft Edge, patching quit...
2026-03-02 00:38:42 - DRIVER SERVICE STOP CALLED (BLOCKED)
2026-03-02 00:38:42 - DRIVER SERVICE STOP CALLED (BLOCKED)
2026-03-02 00:39:24 - DRIVER SERVICE STOP CALLED (BLOCKED)
2026-03-02 00:39:24 - DRIVER SERVICE STOP CALLED (BLOCKED)
2026-03-02 21:00:42 - start_browser_with_debug_port: browser=Microsoft Edge, port=9222
2026-03-02 21:00:42 - start_browser_with_debug_port: found exe=C:\Program Files (x86)\Microsoft\Edge\Application\msedge.exe
2026-03-02 21:00:42 - start_browser_with_debug_port: launching args=['C:\\Program Files (x86)\\Microsoft\\Edge\\Application\\msedge.exe', '--remote-debugging-port=9222', '--user-data-dir=C:\\Users\\Administrator\\AppData\\Local\\Temp\\AutoNetworkerProfile_Microsoft Edge_9222', '--new-window', 'https://maimai.cn/ent/v41/recruit/talents?tab=1']
2026-03-02 21:00:42 - STARTING BROWSER: ['C:\\Program Files (x86)\\Microsoft\\Edge\\Application\\msedge.exe', '--remote-debugging-port=9222', '--user-data-dir=C:\\Users\\Administrator\\AppData\\Local\\Temp\\AutoNetworkerProfile_Microsoft Edge_9222', '--new-window', 'https://maimai.cn/ent/v41/recruit/talents?tab=1']
2026-03-02 21:00:42 - Started browser process PID: 3816 with flags 0x1000208
2026-03-02 21:00:43 - start_browser_with_debug_port: success (port open)
2026-03-02 21:01:39 - attach_selenium_driver: checking driver at D:\GitClone\PythonProject\AutoNetworker\msedgedriver.exe
2026-03-02 21:01:39 - attach_selenium_driver: local driver not found, will rely on PATH
2026-03-02 21:01:39 - Initializing webdriver for Microsoft Edge on port 9222...
2026-03-02 21:01:41 - Attaching driver to Microsoft Edge, patching quit...
2026-03-02 21:01:58 - attach_selenium_driver: checking driver at D:\GitClone\PythonProject\AutoNetworker\msedgedriver.exe
2026-03-02 21:01:58 - attach_selenium_driver: local driver not found, will rely on PATH
2026-03-02 21:01:58 - Initializing webdriver for Microsoft Edge on port 9222...
2026-03-02 21:01:59 - Attaching driver to Microsoft Edge, patching quit...
2026-03-02 21:02:17 - attach_selenium_driver: checking driver at D:\GitClone\PythonProject\AutoNetworker\msedgedriver.exe
2026-03-02 21:02:17 - attach_selenium_driver: local driver not found, will rely on PATH
2026-03-02 21:02:17 - Initializing webdriver for Microsoft Edge on port 9222...
2026-03-02 21:02:17 - Attaching driver to Microsoft Edge, patching quit...
2026-03-02 21:13:53 - DRIVER SERVICE STOP CALLED (BLOCKED)
2026-03-02 21:13:53 - DRIVER SERVICE STOP CALLED (BLOCKED)
2026-03-02 21:13:53 - DRIVER SERVICE STOP CALLED (BLOCKED)
2026-03-02 21:14:41 - attach_selenium_driver: checking driver at D:\GitClone\PythonProject\AutoNetworker\msedgedriver.exe
2026-03-02 21:14:41 - attach_selenium_driver: local driver not found, will rely on PATH
2026-03-02 21:14:41 - Initializing webdriver for Microsoft Edge on port 9222...
2026-03-02 21:14:41 - Attaching driver to Microsoft Edge, patching quit...
2026-03-02 21:15:00 - DRIVER SERVICE STOP CALLED (BLOCKED)
2026-03-02 22:29:03 - start_browser_with_debug_port: browser=Microsoft Edge, port=9222
2026-03-02 22:29:03 - start_browser_with_debug_port: found exe=C:\Program Files (x86)\Microsoft\Edge\Application\msedge.exe
2026-03-02 22:29:03 - start_browser_with_debug_port: launching args=['C:\\Program Files (x86)\\Microsoft\\Edge\\Application\\msedge.exe', '--remote-debugging-port=9222', '--user-data-dir=C:\\Users\\Administrator\\AppData\\Local\\Temp\\AutoNetworkerProfile_Microsoft Edge_9222', '--new-window', 'https://maimai.cn/ent/v41/recruit/talents?tab=1']
2026-03-02 22:29:03 - STARTING BROWSER: ['C:\\Program Files (x86)\\Microsoft\\Edge\\Application\\msedge.exe', '--remote-debugging-port=9222', '--user-data-dir=C:\\Users\\Administrator\\AppData\\Local\\Temp\\AutoNetworkerProfile_Microsoft Edge_9222', '--new-window', 'https://maimai.cn/ent/v41/recruit/talents?tab=1']
2026-03-02 22:29:03 - Started browser process PID: 24736 with flags 0x1000208
2026-03-02 22:29:04 - start_browser_with_debug_port: success (port open)
2026-03-02 22:35:55 - start_browser_with_debug_port: browser=Microsoft Edge, port=9222
2026-03-02 22:35:55 - start_browser_with_debug_port: found exe=C:\Program Files (x86)\Microsoft\Edge\Application\msedge.exe
2026-03-02 22:35:55 - start_browser_with_debug_port: launching args=['C:\\Program Files (x86)\\Microsoft\\Edge\\Application\\msedge.exe', '--remote-debugging-port=9222', '--user-data-dir=C:\\Users\\Administrator\\AppData\\Local\\Temp\\AutoNetworkerProfile_Microsoft Edge_9222', '--new-window', 'https://maimai.cn/ent/v41/recruit/talents?tab=1']
2026-03-02 22:35:55 - STARTING BROWSER: ['C:\\Program Files (x86)\\Microsoft\\Edge\\Application\\msedge.exe', '--remote-debugging-port=9222', '--user-data-dir=C:\\Users\\Administrator\\AppData\\Local\\Temp\\AutoNetworkerProfile_Microsoft Edge_9222', '--new-window', 'https://maimai.cn/ent/v41/recruit/talents?tab=1']
2026-03-02 22:35:55 - Started browser process PID: 10996 with flags 0x1000208
2026-03-02 22:35:55 - start_browser_with_debug_port: success (port open)
2026-03-02 22:36:25 - attach_selenium_driver: checking driver at D:\GitClone\PythonProject\AutoNetworker\msedgedriver.exe
2026-03-02 22:36:25 - attach_selenium_driver: local driver not found, will rely on PATH
2026-03-02 22:36:25 - Initializing webdriver for Microsoft Edge on port 9222...
2026-03-02 22:36:26 - Attaching driver to Microsoft Edge, patching quit...
2026-03-02 22:37:06 - DRIVER SERVICE STOP CALLED (BLOCKED)
2026-03-03 20:40:55 - start_browser_with_debug_port: browser=Microsoft Edge, port=9222
2026-03-03 20:40:55 - start_browser_with_debug_port: found exe=C:\Program Files (x86)\Microsoft\Edge\Application\msedge.exe
2026-03-03 20:40:55 - start_browser_with_debug_port: launching args=['C:\\Program Files (x86)\\Microsoft\\Edge\\Application\\msedge.exe', '--remote-debugging-port=9222', '--user-data-dir=C:\\Users\\Administrator\\AppData\\Local\\Temp\\AutoNetworkerProfile_Microsoft Edge_9222', '--new-window', 'https://maimai.cn/ent/v41/recruit/talents?tab=1']
2026-03-03 20:40:55 - STARTING BROWSER: ['C:\\Program Files (x86)\\Microsoft\\Edge\\Application\\msedge.exe', '--remote-debugging-port=9222', '--user-data-dir=C:\\Users\\Administrator\\AppData\\Local\\Temp\\AutoNetworkerProfile_Microsoft Edge_9222', '--new-window', 'https://maimai.cn/ent/v41/recruit/talents?tab=1']
2026-03-03 20:40:56 - Started browser process PID: 5276 with flags 0x1000208
2026-03-03 20:40:57 - start_browser_with_debug_port: success (port open)
2026-03-03 21:13:48 - start_browser_with_debug_port: browser=Microsoft Edge, port=9222
2026-03-03 21:13:48 - start_browser_with_debug_port: found exe=C:\Program Files (x86)\Microsoft\Edge\Application\msedge.exe
2026-03-03 21:13:48 - start_browser_with_debug_port: launching args=['C:\\Program Files (x86)\\Microsoft\\Edge\\Application\\msedge.exe', '--remote-debugging-port=9222', '--user-data-dir=C:\\Users\\Administrator\\AppData\\Local\\Temp\\AutoNetworkerProfile_Microsoft Edge_9222', '--new-window', 'https://maimai.cn/ent/v41/recruit/talents?tab=1']
2026-03-03 21:13:48 - STARTING BROWSER: ['C:\\Program Files (x86)\\Microsoft\\Edge\\Application\\msedge.exe', '--remote-debugging-port=9222', '--user-data-dir=C:\\Users\\Administrator\\AppData\\Local\\Temp\\AutoNetworkerProfile_Microsoft Edge_9222', '--new-window', 'https://maimai.cn/ent/v41/recruit/talents?tab=1']
2026-03-03 21:13:48 - Started browser process PID: 15852 with flags 0x1000208
2026-03-03 21:13:49 - start_browser_with_debug_port: success (port open)
2026-03-03 21:14:22 - attach_selenium_driver: checking driver at D:\GitClone\PythonProject\AutoNetworker\msedgedriver.exe
2026-03-03 21:14:22 - attach_selenium_driver: local driver not found, will rely on PATH
2026-03-03 21:14:22 - Initializing webdriver for Microsoft Edge on port 9222...
2026-03-03 21:14:24 - Attaching driver to Microsoft Edge, patching quit...
2026-03-03 21:20:49 - attach_selenium_driver: checking driver at D:\GitClone\PythonProject\AutoNetworker\msedgedriver.exe
2026-03-03 21:20:49 - attach_selenium_driver: local driver not found, will rely on PATH
2026-03-03 21:20:49 - Initializing webdriver for Microsoft Edge on port 9222...
2026-03-03 21:20:49 - Attaching driver to Microsoft Edge, patching quit...
2026-03-03 21:21:12 - attach_selenium_driver: checking driver at D:\GitClone\PythonProject\AutoNetworker\msedgedriver.exe
2026-03-03 21:21:12 - attach_selenium_driver: local driver not found, will rely on PATH
2026-03-03 21:21:12 - Initializing webdriver for Microsoft Edge on port 9222...
2026-03-03 21:21:12 - Attaching driver to Microsoft Edge, patching quit...
2026-03-03 21:27:29 - attach_selenium_driver: checking driver at D:\GitClone\PythonProject\AutoNetworker\msedgedriver.exe
2026-03-03 21:27:29 - attach_selenium_driver: local driver not found, will rely on PATH
2026-03-03 21:27:29 - Initializing webdriver for Microsoft Edge on port 9222...
2026-03-03 21:27:29 - Attaching driver to Microsoft Edge, patching quit...
2026-03-03 21:28:02 - attach_selenium_driver: checking driver at D:\GitClone\PythonProject\AutoNetworker\msedgedriver.exe
2026-03-03 21:28:02 - attach_selenium_driver: local driver not found, will rely on PATH
2026-03-03 21:28:02 - Initializing webdriver for Microsoft Edge on port 9222...
2026-03-03 21:28:02 - Attaching driver to Microsoft Edge, patching quit...
2026-03-03 21:33:39 - attach_selenium_driver: checking driver at D:\GitClone\PythonProject\AutoNetworker\msedgedriver.exe
2026-03-03 21:33:39 - attach_selenium_driver: local driver not found, will rely on PATH
2026-03-03 21:33:39 - Initializing webdriver for Microsoft Edge on port 9222...
2026-03-03 21:33:39 - Attaching driver to Microsoft Edge, patching quit...
2026-03-03 21:39:24 - attach_selenium_driver: checking driver at D:\GitClone\PythonProject\AutoNetworker\msedgedriver.exe
2026-03-03 21:39:24 - attach_selenium_driver: local driver not found, will rely on PATH
2026-03-03 21:39:24 - Initializing webdriver for Microsoft Edge on port 9222...
2026-03-03 21:39:24 - Attaching driver to Microsoft Edge, patching quit...
2026-03-03 21:55:14 - attach_selenium_driver: checking driver at D:\GitClone\PythonProject\AutoNetworker\msedgedriver.exe
2026-03-03 21:55:14 - attach_selenium_driver: local driver not found, will rely on PATH
2026-03-03 21:55:14 - Initializing webdriver for Microsoft Edge on port 9222...
2026-03-03 21:55:14 - Attaching driver to Microsoft Edge, patching quit...
2026-03-03 21:56:25 - DRIVER SERVICE STOP CALLED (BLOCKED)
2026-03-03 22:39:08 - start_browser_with_debug_port: browser=Microsoft Edge, port=9222
2026-03-03 22:39:08 - start_browser_with_debug_port: found exe=C:\Program Files (x86)\Microsoft\Edge\Application\msedge.exe
2026-03-03 22:39:08 - start_browser_with_debug_port: launching args=['C:\\Program Files (x86)\\Microsoft\\Edge\\Application\\msedge.exe', '--remote-debugging-port=9222', '--user-data-dir=C:\\Users\\Administrator\\AppData\\Local\\Temp\\AutoNetworkerProfile_Microsoft Edge_9222', '--new-window', 'https://maimai.cn/ent/v41/recruit/talents?tab=1']
2026-03-03 22:39:08 - STARTING BROWSER: ['C:\\Program Files (x86)\\Microsoft\\Edge\\Application\\msedge.exe', '--remote-debugging-port=9222', '--user-data-dir=C:\\Users\\Administrator\\AppData\\Local\\Temp\\AutoNetworkerProfile_Microsoft Edge_9222', '--new-window', 'https://maimai.cn/ent/v41/recruit/talents?tab=1']
2026-03-03 22:39:08 - Started browser process PID: 22304 with flags 0x1000208
2026-03-03 22:39:09 - start_browser_with_debug_port: success (port open)
2026-03-03 22:40:16 - attach_selenium_driver: checking driver at D:\GitClone\PythonProject\AutoNetworker\msedgedriver.exe
2026-03-03 22:40:16 - attach_selenium_driver: local driver not found, will rely on PATH
2026-03-03 22:40:16 - Initializing webdriver for Microsoft Edge on port 9222...
2026-03-03 22:40:19 - Attaching driver to Microsoft Edge, patching quit...
2026-03-03 22:47:21 - attach_selenium_driver: checking driver at D:\GitClone\PythonProject\AutoNetworker\msedgedriver.exe
2026-03-03 22:47:21 - attach_selenium_driver: local driver not found, will rely on PATH
2026-03-03 22:47:21 - Initializing webdriver for Microsoft Edge on port 9222...
2026-03-03 22:47:21 - Attaching driver to Microsoft Edge, patching quit...
2026-03-03 22:47:51 - attach_selenium_driver: checking driver at D:\GitClone\PythonProject\AutoNetworker\msedgedriver.exe
2026-03-03 22:47:51 - attach_selenium_driver: local driver not found, will rely on PATH
2026-03-03 22:47:51 - Initializing webdriver for Microsoft Edge on port 9222...
2026-03-03 22:47:51 - Attaching driver to Microsoft Edge, patching quit...
2026-03-03 22:53:56 - DRIVER SERVICE STOP CALLED (BLOCKED)
2026-03-03 22:53:56 - DRIVER SERVICE STOP CALLED (BLOCKED)
2026-03-03 23:54:24 - start_browser_with_debug_port: browser=Microsoft Edge, port=9222
2026-03-03 23:54:24 - start_browser_with_debug_port: found exe=C:\Program Files (x86)\Microsoft\Edge\Application\msedge.exe
2026-03-03 23:54:24 - start_browser_with_debug_port: launching args=['C:\\Program Files (x86)\\Microsoft\\Edge\\Application\\msedge.exe', '--remote-debugging-port=9222', '--user-data-dir=C:\\Users\\Administrator\\AppData\\Local\\Temp\\AutoNetworkerProfile_Microsoft Edge_9222', '--new-window', 'https://maimai.cn/ent/v41/recruit/talents?tab=1']
2026-03-03 23:54:24 - STARTING BROWSER: ['C:\\Program Files (x86)\\Microsoft\\Edge\\Application\\msedge.exe', '--remote-debugging-port=9222', '--user-data-dir=C:\\Users\\Administrator\\AppData\\Local\\Temp\\AutoNetworkerProfile_Microsoft Edge_9222', '--new-window', 'https://maimai.cn/ent/v41/recruit/talents?tab=1']
2026-03-03 23:54:24 - Started browser process PID: 19752 with flags 0x1000208
2026-03-03 23:54:25 - start_browser_with_debug_port: success (port open)
2026-03-03 23:55:01 - attach_selenium_driver: checking driver at D:\GitClone\PythonProject\AutoNetworker\msedgedriver.exe
2026-03-03 23:55:01 - attach_selenium_driver: local driver not found, will rely on PATH
2026-03-03 23:55:01 - Initializing webdriver for Microsoft Edge on port 9222...
2026-03-03 23:55:03 - Attaching driver to Microsoft Edge, patching quit...
2026-03-03 23:56:09 - attach_selenium_driver: checking driver at D:\GitClone\PythonProject\AutoNetworker\msedgedriver.exe
2026-03-03 23:56:09 - attach_selenium_driver: local driver not found, will rely on PATH
2026-03-03 23:56:09 - Initializing webdriver for Microsoft Edge on port 9222...
2026-03-03 23:56:09 - Attaching driver to Microsoft Edge, patching quit...
2026-03-03 23:56:25 - attach_selenium_driver: checking driver at D:\GitClone\PythonProject\AutoNetworker\msedgedriver.exe
2026-03-03 23:56:25 - attach_selenium_driver: local driver not found, will rely on PATH
2026-03-03 23:56:25 - Initializing webdriver for Microsoft Edge on port 9222...
2026-03-03 23:56:25 - Attaching driver to Microsoft Edge, patching quit...
2026-03-04 00:00:03 - attach_selenium_driver: checking driver at D:\GitClone\PythonProject\AutoNetworker\msedgedriver.exe
2026-03-04 00:00:03 - attach_selenium_driver: local driver not found, will rely on PATH
2026-03-04 00:00:03 - Initializing webdriver for Microsoft Edge on port 9222...
2026-03-04 00:00:03 - Attaching driver to Microsoft Edge, patching quit...
2026-03-04 00:01:09 - DRIVER SERVICE STOP CALLED (BLOCKED)
2026-03-04 20:31:35 - start_browser_with_debug_port: browser=Microsoft Edge, port=9222
2026-03-04 20:31:35 - start_browser_with_debug_port: found exe=C:\Program Files (x86)\Microsoft\Edge\Application\msedge.exe
2026-03-04 20:31:35 - start_browser_with_debug_port: launching args=['C:\\Program Files (x86)\\Microsoft\\Edge\\Application\\msedge.exe', '--remote-debugging-port=9222', '--user-data-dir=C:\\Users\\Administrator\\AppData\\Local\\Temp\\AutoNetworkerProfile_Microsoft Edge_9222', '--new-window', 'https://maimai.cn/ent/v41/recruit/talents?tab=1']
2026-03-04 20:31:35 - STARTING BROWSER: ['C:\\Program Files (x86)\\Microsoft\\Edge\\Application\\msedge.exe', '--remote-debugging-port=9222', '--user-data-dir=C:\\Users\\Administrator\\AppData\\Local\\Temp\\AutoNetworkerProfile_Microsoft Edge_9222', '--new-window', 'https://maimai.cn/ent/v41/recruit/talents?tab=1']
2026-03-04 20:31:35 - Started browser process PID: 24952 with flags 0x1000208
2026-03-04 20:31:36 - start_browser_with_debug_port: success (port open)
2026-03-04 20:33:30 - attach_selenium_driver: checking driver at D:\GitClone\PythonProject\AutoNetworker\msedgedriver.exe
2026-03-04 20:33:30 - attach_selenium_driver: local driver not found, will rely on PATH
2026-03-04 20:33:30 - Initializing webdriver for Microsoft Edge on port 9222...
2026-03-04 20:33:33 - Attaching driver to Microsoft Edge, patching quit...
2026-03-04 20:38:23 - DRIVER SERVICE STOP CALLED (BLOCKED)
2026-03-18 21:04:21 - start_browser_with_debug_port: browser=Microsoft Edge, port=9222
2026-03-18 21:04:21 - start_browser_with_debug_port: found exe=C:\Program Files (x86)\Microsoft\Edge\Application\msedge.exe
2026-03-18 21:04:21 - start_browser_with_debug_port: launching args=['C:\\Program Files (x86)\\Microsoft\\Edge\\Application\\msedge.exe', '--remote-debugging-port=9222', '--user-data-dir=C:\\Users\\Administrator\\AppData\\Local\\Temp\\AutoNetworkerProfile_Microsoft Edge_9222', '--new-window', 'https://maimai.cn/ent/v41/recruit/talents?tab=1']
2026-03-18 21:04:21 - STARTING BROWSER: ['C:\\Program Files (x86)\\Microsoft\\Edge\\Application\\msedge.exe', '--remote-debugging-port=9222', '--user-data-dir=C:\\Users\\Administrator\\AppData\\Local\\Temp\\AutoNetworkerProfile_Microsoft Edge_9222', '--new-window', 'https://maimai.cn/ent/v41/recruit/talents?tab=1']
2026-03-18 21:04:21 - Started browser process PID: 27160 with flags 0x1000208
2026-03-18 21:04:22 - start_browser_with_debug_port: success (port open)
2026-03-18 21:05:43 - attach_selenium_driver: checking driver at D:\GitClone\PythonProject\AutoNetworker\msedgedriver.exe
2026-03-18 21:05:43 - attach_selenium_driver: local driver not found, will rely on PATH
2026-03-18 21:05:43 - Initializing webdriver for Microsoft Edge on port 9222...
2026-03-18 21:06:32 - Attaching driver to Microsoft Edge, patching quit...
2026-03-18 21:06:57 - attach_selenium_driver: checking driver at D:\GitClone\PythonProject\AutoNetworker\msedgedriver.exe
2026-03-18 21:06:57 - attach_selenium_driver: local driver not found, will rely on PATH
2026-03-18 21:06:57 - Initializing webdriver for Microsoft Edge on port 9222...
2026-03-18 21:06:57 - Attaching driver to Microsoft Edge, patching quit...
2026-03-18 21:07:41 - attach_selenium_driver: checking driver at D:\GitClone\PythonProject\AutoNetworker\msedgedriver.exe
2026-03-18 21:07:41 - attach_selenium_driver: local driver not found, will rely on PATH
2026-03-18 21:07:41 - Initializing webdriver for Microsoft Edge on port 9222...
2026-03-18 21:07:41 - Attaching driver to Microsoft Edge, patching quit...
2026-03-18 21:08:00 - attach_selenium_driver: checking driver at D:\GitClone\PythonProject\AutoNetworker\msedgedriver.exe
2026-03-18 21:08:00 - attach_selenium_driver: local driver not found, will rely on PATH
2026-03-18 21:08:00 - Initializing webdriver for Microsoft Edge on port 9222...
2026-03-18 21:08:01 - Attaching driver to Microsoft Edge, patching quit...
2026-03-18 21:15:34 - attach_selenium_driver: checking driver at D:\GitClone\PythonProject\AutoNetworker\msedgedriver.exe
2026-03-18 21:15:34 - attach_selenium_driver: local driver not found, will rely on PATH
2026-03-18 21:15:34 - Initializing webdriver for Microsoft Edge on port 9222...
2026-03-18 21:15:35 - Attaching driver to Microsoft Edge, patching quit...
2026-03-18 21:16:24 - attach_selenium_driver: checking driver at D:\GitClone\PythonProject\AutoNetworker\msedgedriver.exe
2026-03-18 21:16:24 - attach_selenium_driver: local driver not found, will rely on PATH
2026-03-18 21:16:24 - Initializing webdriver for Microsoft Edge on port 9222...
2026-03-18 21:16:24 - Attaching driver to Microsoft Edge, patching quit...
2026-03-18 21:16:34 - attach_selenium_driver: checking driver at D:\GitClone\PythonProject\AutoNetworker\msedgedriver.exe
2026-03-18 21:16:34 - attach_selenium_driver: local driver not found, will rely on PATH
2026-03-18 21:16:34 - Initializing webdriver for Microsoft Edge on port 9222...
2026-03-18 21:16:34 - Attaching driver to Microsoft Edge, patching quit...
2026-03-18 21:17:06 - start_browser_with_debug_port: browser=Microsoft Edge, port=9222
2026-03-18 21:17:06 - start_browser_with_debug_port: found exe=C:\Program Files (x86)\Microsoft\Edge\Application\msedge.exe
2026-03-18 21:17:06 - start_browser_with_debug_port: launching args=['C:\\Program Files (x86)\\Microsoft\\Edge\\Application\\msedge.exe', '--remote-debugging-port=9222', '--user-data-dir=C:\\Users\\Administrator\\AppData\\Local\\Temp\\AutoNetworkerProfile_Microsoft Edge_9222', '--new-window', 'https://maimai.cn/ent/v41/recruit/talents?tab=1']
2026-03-18 21:17:06 - STARTING BROWSER: ['C:\\Program Files (x86)\\Microsoft\\Edge\\Application\\msedge.exe', '--remote-debugging-port=9222', '--user-data-dir=C:\\Users\\Administrator\\AppData\\Local\\Temp\\AutoNetworkerProfile_Microsoft Edge_9222', '--new-window', 'https://maimai.cn/ent/v41/recruit/talents?tab=1']
2026-03-18 21:17:06 - Started browser process PID: 30820 with flags 0x1000208
2026-03-18 21:17:07 - start_browser_with_debug_port: success (port open)
2026-03-18 21:17:20 - attach_selenium_driver: checking driver at D:\GitClone\PythonProject\AutoNetworker\msedgedriver.exe
2026-03-18 21:17:20 - attach_selenium_driver: local driver not found, will rely on PATH
2026-03-18 21:17:20 - Initializing webdriver for Microsoft Edge on port 9222...
2026-03-18 21:17:20 - Attaching driver to Microsoft Edge, patching quit...
2026-03-18 21:17:29 - attach_selenium_driver: checking driver at D:\GitClone\PythonProject\AutoNetworker\msedgedriver.exe
2026-03-18 21:17:29 - attach_selenium_driver: local driver not found, will rely on PATH
2026-03-18 21:17:29 - Initializing webdriver for Microsoft Edge on port 9222...
2026-03-18 21:17:29 - Attaching driver to Microsoft Edge, patching quit...
2026-03-18 21:17:35 - attach_selenium_driver: checking driver at D:\GitClone\PythonProject\AutoNetworker\msedgedriver.exe
2026-03-18 21:17:35 - attach_selenium_driver: local driver not found, will rely on PATH
2026-03-18 21:17:35 - Initializing webdriver for Microsoft Edge on port 9222...
2026-03-18 21:17:35 - Attaching driver to Microsoft Edge, patching quit...
2026-03-18 21:18:10 - attach_selenium_driver: checking driver at D:\GitClone\PythonProject\AutoNetworker\msedgedriver.exe
2026-03-18 21:18:10 - attach_selenium_driver: local driver not found, will rely on PATH
2026-03-18 21:18:10 - Initializing webdriver for Microsoft Edge on port 9222...
2026-03-18 21:18:11 - Attaching driver to Microsoft Edge, patching quit...
2026-03-18 21:19:34 - attach_selenium_driver: checking driver at D:\GitClone\PythonProject\AutoNetworker\msedgedriver.exe
2026-03-18 21:19:34 - attach_selenium_driver: local driver not found, will rely on PATH
2026-03-18 21:19:34 - Initializing webdriver for Microsoft Edge on port 9222...
2026-03-18 21:19:34 - Attaching driver to Microsoft Edge, patching quit...
2026-03-18 21:20:35 - attach_selenium_driver: checking driver at D:\GitClone\PythonProject\AutoNetworker\msedgedriver.exe
2026-03-18 21:20:35 - attach_selenium_driver: local driver not found, will rely on PATH
2026-03-18 21:20:35 - Initializing webdriver for Microsoft Edge on port 9222...
2026-03-18 21:20:35 - Attaching driver to Microsoft Edge, patching quit...
2026-03-18 21:20:43 - attach_selenium_driver: checking driver at D:\GitClone\PythonProject\AutoNetworker\msedgedriver.exe
2026-03-18 21:20:43 - attach_selenium_driver: local driver not found, will rely on PATH
2026-03-18 21:20:43 - Initializing webdriver for Microsoft Edge on port 9222...
2026-03-18 21:20:43 - Attaching driver to Microsoft Edge, patching quit...
2026-03-18 21:20:51 - attach_selenium_driver: checking driver at D:\GitClone\PythonProject\AutoNetworker\msedgedriver.exe
2026-03-18 21:20:51 - attach_selenium_driver: local driver not found, will rely on PATH
2026-03-18 21:20:51 - Initializing webdriver for Microsoft Edge on port 9222...
2026-03-18 21:20:51 - Attaching driver to Microsoft Edge, patching quit...
2026-03-18 21:32:29 - start_browser_with_debug_port: browser=Microsoft Edge, port=9222
2026-03-18 21:32:29 - start_browser_with_debug_port: found exe=C:\Program Files (x86)\Microsoft\Edge\Application\msedge.exe
2026-03-18 21:32:29 - start_browser_with_debug_port: launching args=['C:\\Program Files (x86)\\Microsoft\\Edge\\Application\\msedge.exe', '--remote-debugging-port=9222', '--user-data-dir=C:\\Users\\Administrator\\AppData\\Local\\Temp\\AutoNetworkerProfile_Microsoft Edge_9222', '--new-window', 'https://maimai.cn/ent/v41/recruit/talents?tab=1']
2026-03-18 21:32:29 - STARTING BROWSER: ['C:\\Program Files (x86)\\Microsoft\\Edge\\Application\\msedge.exe', '--remote-debugging-port=9222', '--user-data-dir=C:\\Users\\Administrator\\AppData\\Local\\Temp\\AutoNetworkerProfile_Microsoft Edge_9222', '--new-window', 'https://maimai.cn/ent/v41/recruit/talents?tab=1']
2026-03-18 21:32:29 - Started browser process PID: 28588 with flags 0x1000208
2026-03-18 21:32:30 - start_browser_with_debug_port: success (port open)
2026-03-18 21:32:44 - attach_selenium_driver: checking driver at D:\GitClone\PythonProject\AutoNetworker\msedgedriver.exe
2026-03-18 21:32:44 - attach_selenium_driver: local driver not found, will rely on PATH
2026-03-18 21:32:44 - Initializing webdriver for Microsoft Edge on port 9222...
2026-03-18 21:32:44 - Attaching driver to Microsoft Edge, patching quit...
2026-03-18 21:33:05 - attach_selenium_driver: checking driver at D:\GitClone\PythonProject\AutoNetworker\msedgedriver.exe
2026-03-18 21:33:05 - attach_selenium_driver: local driver not found, will rely on PATH
2026-03-18 21:33:05 - Initializing webdriver for Microsoft Edge on port 9222...
2026-03-18 21:33:05 - Attaching driver to Microsoft Edge, patching quit...
2026-03-18 21:33:57 - attach_selenium_driver: checking driver at D:\GitClone\PythonProject\AutoNetworker\msedgedriver.exe
2026-03-18 21:33:57 - attach_selenium_driver: local driver not found, will rely on PATH
2026-03-18 21:33:57 - Initializing webdriver for Microsoft Edge on port 9222...
2026-03-18 21:33:57 - Attaching driver to Microsoft Edge, patching quit...
2026-03-18 21:38:27 - attach_selenium_driver: checking driver at D:\GitClone\PythonProject\AutoNetworker\msedgedriver.exe
2026-03-18 21:38:27 - attach_selenium_driver: local driver not found, will rely on PATH
2026-03-18 21:38:27 - Initializing webdriver for Microsoft Edge on port 9222...
2026-03-18 21:38:27 - Attaching driver to Microsoft Edge, patching quit...
2026-03-18 21:40:38 - attach_selenium_driver: checking driver at D:\GitClone\PythonProject\AutoNetworker\msedgedriver.exe
2026-03-18 21:40:38 - attach_selenium_driver: local driver not found, will rely on PATH
2026-03-18 21:40:38 - Initializing webdriver for Microsoft Edge on port 9222...
2026-03-18 21:40:38 - Attaching driver to Microsoft Edge, patching quit...
2026-03-18 21:41:12 - attach_selenium_driver: checking driver at D:\GitClone\PythonProject\AutoNetworker\msedgedriver.exe
2026-03-18 21:41:12 - attach_selenium_driver: local driver not found, will rely on PATH
2026-03-18 21:41:12 - Initializing webdriver for Microsoft Edge on port 9222...
2026-03-18 21:41:12 - Attaching driver to Microsoft Edge, patching quit...
2026-03-18 21:43:30 - attach_selenium_driver: checking driver at D:\GitClone\PythonProject\AutoNetworker\msedgedriver.exe
2026-03-18 21:43:30 - attach_selenium_driver: local driver not found, will rely on PATH
2026-03-18 21:43:30 - Initializing webdriver for Microsoft Edge on port 9222...
2026-03-18 21:43:30 - Attaching driver to Microsoft Edge, patching quit...
2026-03-18 21:43:48 - attach_selenium_driver: checking driver at D:\GitClone\PythonProject\AutoNetworker\msedgedriver.exe
2026-03-18 21:43:48 - attach_selenium_driver: local driver not found, will rely on PATH
2026-03-18 21:43:48 - Initializing webdriver for Microsoft Edge on port 9222...
2026-03-18 21:43:48 - Attaching driver to Microsoft Edge, patching quit...
2026-03-18 21:44:09 - attach_selenium_driver: checking driver at D:\GitClone\PythonProject\AutoNetworker\msedgedriver.exe
2026-03-18 21:44:09 - attach_selenium_driver: local driver not found, will rely on PATH
2026-03-18 21:44:09 - Initializing webdriver for Microsoft Edge on port 9222...
2026-03-18 21:44:09 - Attaching driver to Microsoft Edge, patching quit...
2026-03-18 21:46:40 - attach_selenium_driver: checking driver at D:\GitClone\PythonProject\AutoNetworker\msedgedriver.exe
2026-03-18 21:46:40 - attach_selenium_driver: local driver not found, will rely on PATH
2026-03-18 21:46:40 - Initializing webdriver for Microsoft Edge on port 9222...
2026-03-18 21:46:40 - Attaching driver to Microsoft Edge, patching quit...
2026-03-18 21:47:09 - attach_selenium_driver: checking driver at D:\GitClone\PythonProject\AutoNetworker\msedgedriver.exe
2026-03-18 21:47:09 - attach_selenium_driver: local driver not found, will rely on PATH
2026-03-18 21:47:09 - Initializing webdriver for Microsoft Edge on port 9222...
2026-03-18 21:47:09 - Attaching driver to Microsoft Edge, patching quit...
2026-03-18 21:47:24 - attach_selenium_driver: checking driver at D:\GitClone\PythonProject\AutoNetworker\msedgedriver.exe
2026-03-18 21:47:24 - attach_selenium_driver: local driver not found, will rely on PATH
2026-03-18 21:47:24 - Initializing webdriver for Microsoft Edge on port 9222...
2026-03-18 21:47:24 - Attaching driver to Microsoft Edge, patching quit...
2026-03-18 21:51:31 - attach_selenium_driver: checking driver at D:\GitClone\PythonProject\AutoNetworker\msedgedriver.exe
2026-03-18 21:51:31 - attach_selenium_driver: local driver not found, will rely on PATH
2026-03-18 21:51:31 - Initializing webdriver for Microsoft Edge on port 9222...
2026-03-18 21:51:32 - Attaching driver to Microsoft Edge, patching quit...
2026-03-18 21:52:13 - attach_selenium_driver: checking driver at D:\GitClone\PythonProject\AutoNetworker\msedgedriver.exe
2026-03-18 21:52:13 - attach_selenium_driver: local driver not found, will rely on PATH
2026-03-18 21:52:13 - Initializing webdriver for Microsoft Edge on port 9222...
2026-03-18 21:52:14 - Attaching driver to Microsoft Edge, patching quit...
2026-03-18 21:52:22 - attach_selenium_driver: checking driver at D:\GitClone\PythonProject\AutoNetworker\msedgedriver.exe
2026-03-18 21:52:22 - attach_selenium_driver: local driver not found, will rely on PATH
2026-03-18 21:52:22 - Initializing webdriver for Microsoft Edge on port 9222...
2026-03-18 21:52:22 - Attaching driver to Microsoft Edge, patching quit...
2026-03-18 21:52:25 - attach_selenium_driver: checking driver at D:\GitClone\PythonProject\AutoNetworker\msedgedriver.exe
2026-03-18 21:52:25 - attach_selenium_driver: local driver not found, will rely on PATH
2026-03-18 21:52:25 - Initializing webdriver for Microsoft Edge on port 9222...
2026-03-18 21:52:25 - Attaching driver to Microsoft Edge, patching quit...
2026-03-18 21:52:56 - attach_selenium_driver: checking driver at D:\GitClone\PythonProject\AutoNetworker\msedgedriver.exe
2026-03-18 21:52:56 - attach_selenium_driver: local driver not found, will rely on PATH
2026-03-18 21:52:56 - Initializing webdriver for Microsoft Edge on port 9222...
2026-03-18 21:52:56 - Attaching driver to Microsoft Edge, patching quit...
2026-03-18 21:53:18 - attach_selenium_driver: checking driver at D:\GitClone\PythonProject\AutoNetworker\msedgedriver.exe
2026-03-18 21:53:18 - attach_selenium_driver: local driver not found, will rely on PATH
2026-03-18 21:53:18 - Initializing webdriver for Microsoft Edge on port 9222...
2026-03-18 21:53:18 - Attaching driver to Microsoft Edge, patching quit...
2026-03-18 21:53:35 - attach_selenium_driver: checking driver at D:\GitClone\PythonProject\AutoNetworker\msedgedriver.exe
2026-03-18 21:53:35 - attach_selenium_driver: local driver not found, will rely on PATH
2026-03-18 21:53:35 - Initializing webdriver for Microsoft Edge on port 9222...
2026-03-18 21:53:35 - Attaching driver to Microsoft Edge, patching quit...
2026-03-18 21:54:35 - attach_selenium_driver: checking driver at D:\GitClone\PythonProject\AutoNetworker\msedgedriver.exe
2026-03-18 21:54:35 - attach_selenium_driver: local driver not found, will rely on PATH
2026-03-18 21:54:35 - Initializing webdriver for Microsoft Edge on port 9222...
2026-03-18 21:54:35 - Attaching driver to Microsoft Edge, patching quit...
2026-03-18 21:54:37 - attach_selenium_driver: checking driver at D:\GitClone\PythonProject\AutoNetworker\msedgedriver.exe
2026-03-18 21:54:37 - attach_selenium_driver: local driver not found, will rely on PATH
2026-03-18 21:54:37 - Initializing webdriver for Microsoft Edge on port 9222...
2026-03-18 21:54:37 - Attaching driver to Microsoft Edge, patching quit...
2026-03-18 21:56:27 - attach_selenium_driver: checking driver at D:\GitClone\PythonProject\AutoNetworker\msedgedriver.exe
2026-03-18 21:56:27 - attach_selenium_driver: local driver not found, will rely on PATH
2026-03-18 21:56:27 - Initializing webdriver for Microsoft Edge on port 9222...
2026-03-18 21:56:27 - Attaching driver to Microsoft Edge, patching quit...
2026-03-18 21:58:03 - attach_selenium_driver: checking driver at D:\GitClone\PythonProject\AutoNetworker\msedgedriver.exe
2026-03-18 21:58:03 - attach_selenium_driver: local driver not found, will rely on PATH
2026-03-18 21:58:03 - Initializing webdriver for Microsoft Edge on port 9222...
2026-03-18 21:58:03 - Attaching driver to Microsoft Edge, patching quit...
2026-03-18 22:00:44 - attach_selenium_driver: checking driver at D:\GitClone\PythonProject\AutoNetworker\msedgedriver.exe
2026-03-18 22:00:44 - attach_selenium_driver: local driver not found, will rely on PATH
2026-03-18 22:00:44 - Initializing webdriver for Microsoft Edge on port 9222...
2026-03-18 22:00:44 - Attaching driver to Microsoft Edge, patching quit...
2026-03-18 22:00:49 - attach_selenium_driver: checking driver at D:\GitClone\PythonProject\AutoNetworker\msedgedriver.exe
2026-03-18 22:00:49 - attach_selenium_driver: local driver not found, will rely on PATH
2026-03-18 22:00:49 - Initializing webdriver for Microsoft Edge on port 9222...
2026-03-18 22:00:49 - Attaching driver to Microsoft Edge, patching quit...
2026-03-18 22:00:52 - attach_selenium_driver: checking driver at D:\GitClone\PythonProject\AutoNetworker\msedgedriver.exe
2026-03-18 22:00:52 - attach_selenium_driver: local driver not found, will rely on PATH
2026-03-18 22:00:52 - Initializing webdriver for Microsoft Edge on port 9222...
2026-03-18 22:00:52 - Attaching driver to Microsoft Edge, patching quit...
2026-03-18 22:00:58 - DRIVER SERVICE STOP CALLED (BLOCKED)
2026-03-18 22:00:58 - DRIVER SERVICE STOP CALLED (BLOCKED)
2026-03-18 22:00:58 - DRIVER SERVICE STOP CALLED (BLOCKED)
2026-03-18 22:22:39 - attach_selenium_driver: checking driver at D:\GitClone\PythonProject\AutoNetworker\msedgedriver.exe
2026-03-18 22:22:39 - attach_selenium_driver: local driver not found, will rely on PATH
2026-03-18 22:22:39 - Initializing webdriver for Microsoft Edge on port 9222...
2026-03-18 22:22:40 - Attaching driver to Microsoft Edge, patching quit...
2026-03-18 22:22:44 - attach_selenium_driver: checking driver at D:\GitClone\PythonProject\AutoNetworker\msedgedriver.exe
2026-03-18 22:22:44 - attach_selenium_driver: local driver not found, will rely on PATH
2026-03-18 22:22:44 - Initializing webdriver for Microsoft Edge on port 9222...
2026-03-18 22:22:44 - Attaching driver to Microsoft Edge, patching quit...
2026-03-18 22:22:52 - DRIVER SERVICE STOP CALLED (BLOCKED)
2026-03-18 22:22:52 - DRIVER SERVICE STOP CALLED (BLOCKED)
